# JRE version: OpenJDK Runtime Environment (25.0.1+8) (build 25.0.1+8-27)
# Java VM: OpenJDK 64-Bit Server VM (25.0.1+8-27, mixed mode, sharing, tiered, compressed oops, compressed class ptrs, g1 gc, bsd-aarch64)
Heap:
 garbage-first heap   total reserved 2097152K, committed 261120K, used 183741K [0x0000000780000000, 0x0000000800000000)
  region size 1024K, 29 young (29696K), 1 survivors (1024K)
GC Heap Usage History (10 events):
Event: 0.767 {heap Before GC invocations=0 (full 0):
 garbage-first heap   total reserved 2097152K, committed 133120K, used 91262K [0x0000000780000000, 0x0000000800000000)
  region size 1024K, 45 young (46080K), 0 survivors (0K)
}
Event: 0.771 {heap After GC invocations=1 (full 0):
 garbage-first heap   total reserved 2097152K, committed 133120K, used 49502K [0x0000000780000000, 0x0000000800000000)
  region size 1024K, 4 young (4096K), 4 survivors (4096K)
}
Event: 0.857 {heap Before GC invocations=1 (full 0):
 garbage-first heap   total reserved 2097152K, committed 133120K, used 98654K [0x0000000780000000, 0x0000000800000000)
  region size 1024K, 19 young (19456K), 4 survivors (4096K)
}
Event: 0.861 {heap After GC invocations=2 (full 0):
 garbage-first heap   total reserved 2097152K, committed 133120K, used 84094K [0x0000000780000000, 0x0000000800000000)
  region size 1024K, 3 young (3072K), 3 survivors (3072K)
}
Event: 1.045 {heap Before GC invocations=3 (full 0):
 garbage-first heap   total reserved 2097152K, committed 201728K, used 159870K [0x0000000780000000, 0x0000000800000000)
  region size 1024K, 31 young (31744K), 3 survivors (3072K)
}
Event: 1.048 {heap After GC invocations=4 (full 0):
 garbage-first heap   total reserved 2097152K, committed 201728K, used 131632K [0x0000000780000000, 0x0000000800000000)
  region size 1024K, 1 young (1024K), 1 survivors (1024K)
}
Event: 1.280 {heap Before GC invocations=4 (full 0):
 garbage-first heap   total reserved 2097152K, committed 201728K, used 187952K [0x0000000780000000, 0x0000000800000000)
  region size 1024K, 44 young (45056K), 1 survivors (1024K)
}
Event: 1.281 {heap After GC invocations=5 (full 0):
 garbage-first heap   total reserved 2097152K, committed 201728K, used 132614K [0x0000000780000000, 0x0000000800000000)
  region size 1024K, 1 young (1024K), 1 survivors (1024K)
}
Event: 1.297 {heap Before GC invocations=5 (full 0):
 garbage-first heap   total reserved 2097152K, committed 201728K, used 134662K [0x0000000780000000, 0x0000000800000000)
  region size 1024K, 5 young (5120K), 1 survivors (1024K)
}
Event: 1.298 {heap After GC invocations=6 (full 0):
 garbage-first heap   total reserved 2097152K, committed 201728K, used 119229K [0x0000000780000000, 0x0000000800000000)
  region size 1024K, 1 young (1024K), 1 survivors (1024K)
}

