# JRE version: OpenJDK Runtime Environment (25.0.1+8) (build 25.0.1+8-27)
# Java VM: OpenJDK 64-Bit Server VM (25.0.1+8-27, mixed mode, sharing, tiered, compressed oops, compressed class ptrs, g1 gc, bsd-aarch64)
Heap:
 garbage-first heap   total reserved 2097152K, committed 260096K, used 191578K [0x0000000780000000, 0x0000000800000000)
  region size 1024K, 75 young (76800K), 2 survivors (2048K)
GC Heap Usage History (14 events):
Event: 0.724 {heap Before GC invocations=0 (full 0):
 garbage-first heap   total reserved 2097152K, committed 133120K, used 77950K [0x0000000780000000, 0x0000000800000000)
  region size 1024K, 32 young (32768K), 0 survivors (0K)
}
Event: 0.728 {heap After GC invocations=1 (full 0):
 garbage-first heap   total reserved 2097152K, committed 133120K, used 49822K [0x0000000780000000, 0x0000000800000000)
  region size 1024K, 2 young (2048K), 2 survivors (2048K)
}
Event: 0.844 {heap Before GC invocations=1 (full 0):
 garbage-first heap   total reserved 2097152K, committed 133120K, used 102046K [0x0000000780000000, 0x0000000800000000)
  region size 1024K, 19 young (19456K), 2 survivors (2048K)
}
Event: 0.848 {heap After GC invocations=2 (full 0):
 garbage-first heap   total reserved 2097152K, committed 133120K, used 82702K [0x0000000780000000, 0x0000000800000000)
  region size 1024K, 2 young (2048K), 2 survivors (2048K)
}
Event: 1.072 {heap Before GC invocations=3 (full 0):
 garbage-first heap   total reserved 2097152K, committed 201728K, used 158478K [0x0000000780000000, 0x0000000800000000)
  region size 1024K, 30 young (30720K), 2 survivors (2048K)
}
Event: 1.075 {heap After GC invocations=4 (full 0):
 garbage-first heap   total reserved 2097152K, committed 201728K, used 129915K [0x0000000780000000, 0x0000000800000000)
  region size 1024K, 2 young (2048K), 2 survivors (2048K)
}
Event: 1.804 {heap Before GC invocations=4 (full 0):
 garbage-first heap   total reserved 2097152K, committed 237568K, used 223099K [0x0000000780000000, 0x0000000800000000)
  region size 1024K, 46 young (47104K), 2 survivors (2048K)
}
Event: 1.805 {heap After GC invocations=5 (full 0):
 garbage-first heap   total reserved 2097152K, committed 237568K, used 166595K [0x0000000780000000, 0x0000000800000000)
  region size 1024K, 2 young (2048K), 2 survivors (2048K)
}
Event: 2.037 {heap Before GC invocations=5 (full 0):
 garbage-first heap   total reserved 2097152K, committed 237568K, used 180931K [0x0000000780000000, 0x0000000800000000)
  region size 1024K, 17 young (17408K), 2 survivors (2048K)
}
Event: 2.039 {heap After GC invocations=6 (full 0):
 garbage-first heap   total reserved 2097152K, committed 237568K, used 117320K [0x0000000780000000, 0x0000000800000000)
  region size 1024K, 2 young (2048K), 2 survivors (2048K)
}
Event: 968.617 {heap Before GC invocations=7 (full 0):
 garbage-first heap   total reserved 2097152K, committed 258048K, used 256584K [0x0000000780000000, 0x0000000800000000)
  region size 1024K, 103 young (105472K), 2 survivors (2048K)
}
Event: 968.626 {heap After GC invocations=8 (full 0):
 garbage-first heap   total reserved 2097152K, committed 260096K, used 153176K [0x0000000780000000, 0x0000000800000000)
  region size 1024K, 2 young (2048K), 2 survivors (2048K)
}
Event: 1840.858 {heap Before GC invocations=8 (full 0):
 garbage-first heap   total reserved 2097152K, committed 260096K, used 244312K [0x0000000780000000, 0x0000000800000000)
  region size 1024K, 91 young (93184K), 2 survivors (2048K)
}
Event: 1840.870 {heap After GC invocations=9 (full 0):
 garbage-first heap   total reserved 2097152K, committed 260096K, used 117338K [0x0000000780000000, 0x0000000800000000)
  region size 1024K, 2 young (2048K), 2 survivors (2048K)
}

